[debug] [2024-09-05T19:11:35.554Z] ----------------------------------------------------------------------
[debug] [2024-09-05T19:11:35.555Z] Command:       /opt/homebrew/Cellar/node/22.2.0/bin/node /usr/local/bin/firebase deploy
[debug] [2024-09-05T19:11:35.556Z] CLI Version:   12.7.0
[debug] [2024-09-05T19:11:35.556Z] Platform:      darwin
[debug] [2024-09-05T19:11:35.556Z] Node Version:  v22.2.0
[debug] [2024-09-05T19:11:35.556Z] Time:          Fri Sep 06 2024 00:41:35 GMT+0530 (India Standard Time)
[debug] [2024-09-05T19:11:35.556Z] ----------------------------------------------------------------------
[debug] 
[debug] [2024-09-05T19:11:35.557Z] >>> [apiv2][query] GET https://firebase-public.firebaseio.com/cli.json [none]
[debug] [2024-09-05T19:11:35.608Z] > command requires scopes: ["email","openid","https://www.googleapis.com/auth/cloudplatformprojects.readonly","https://www.googleapis.com/auth/firebase","https://www.googleapis.com/auth/cloud-platform"]
[debug] [2024-09-05T19:11:35.608Z] > authorizing via signed-in user (akash.gaur@twidpay.com)
[debug] [2024-09-05T19:11:35.608Z] [iam] checking project akashgaur for permissions ["firebase.projects.get","firebasehosting.sites.update"]
[debug] [2024-09-05T19:11:35.608Z] > refreshing access token with scopes: []
[debug] [2024-09-05T19:11:35.609Z] >>> [apiv2][query] POST https://www.googleapis.com/oauth2/v3/token [none]
[debug] [2024-09-05T19:11:35.609Z] >>> [apiv2][body] POST https://www.googleapis.com/oauth2/v3/token [omitted]
[debug] [2024-09-05T19:11:35.831Z] <<< [apiv2][status] POST https://www.googleapis.com/oauth2/v3/token 200
[debug] [2024-09-05T19:11:35.831Z] <<< [apiv2][body] POST https://www.googleapis.com/oauth2/v3/token [omitted]
[debug] [2024-09-05T19:11:35.843Z] >>> [apiv2][query] POST https://cloudresourcemanager.googleapis.com/v1/projects/akashgaur:testIamPermissions [none]
[debug] [2024-09-05T19:11:35.843Z] >>> [apiv2][(partial)header] POST https://cloudresourcemanager.googleapis.com/v1/projects/akashgaur:testIamPermissions x-goog-quota-user=projects/akashgaur
[debug] [2024-09-05T19:11:35.844Z] >>> [apiv2][body] POST https://cloudresourcemanager.googleapis.com/v1/projects/akashgaur:testIamPermissions {"permissions":["firebase.projects.get","firebasehosting.sites.update"]}
[debug] [2024-09-05T19:11:36.888Z] <<< [apiv2][status] GET https://firebase-public.firebaseio.com/cli.json 200
[debug] [2024-09-05T19:11:36.888Z] <<< [apiv2][body] GET https://firebase-public.firebaseio.com/cli.json {"cloudBuildErrorAfter":1594252800000,"cloudBuildWarnAfter":1590019200000,"defaultNode10After":1594252800000,"minVersion":"3.0.5","node8DeploysDisabledAfter":1613390400000,"node8RuntimeDisabledAfter":1615809600000,"node8WarnAfter":1600128000000}
[debug] [2024-09-05T19:11:37.984Z] <<< [apiv2][status] POST https://cloudresourcemanager.googleapis.com/v1/projects/akashgaur:testIamPermissions 200
[debug] [2024-09-05T19:11:37.984Z] <<< [apiv2][body] POST https://cloudresourcemanager.googleapis.com/v1/projects/akashgaur:testIamPermissions {"permissions":["firebase.projects.get","firebasehosting.sites.update"]}
[debug] [2024-09-05T19:11:37.985Z] >>> [apiv2][query] GET https://firebase.googleapis.com/v1beta1/projects/akashgaur [none]
[debug] [2024-09-05T19:11:39.033Z] <<< [apiv2][status] GET https://firebase.googleapis.com/v1beta1/projects/akashgaur 200
[debug] [2024-09-05T19:11:39.033Z] <<< [apiv2][body] GET https://firebase.googleapis.com/v1beta1/projects/akashgaur {"projectId":"akashgaur","projectNumber":"723248877352","displayName":"akashg","name":"projects/akashgaur","resources":{"hostingSite":"akashgaur"},"state":"ACTIVE","etag":"1_a448e6ca-a518-40d9-9fe3-a6d878e83bad"}
[info] 
[info] === Deploying to 'akashgaur'...
[info] 
[info] i  deploying hosting 
[debug] [2024-09-05T19:11:39.041Z] >>> [apiv2][query] POST https://firebasehosting.googleapis.com/v1beta1/projects/-/sites/akashgaur/versions [none]
[debug] [2024-09-05T19:11:39.041Z] >>> [apiv2][body] POST https://firebasehosting.googleapis.com/v1beta1/projects/-/sites/akashgaur/versions {"status":"CREATED","labels":{"deployment-tool":"cli-firebase"}}
[debug] [2024-09-05T19:11:40.838Z] <<< [apiv2][status] POST https://firebasehosting.googleapis.com/v1beta1/projects/-/sites/akashgaur/versions 200
[debug] [2024-09-05T19:11:40.838Z] <<< [apiv2][body] POST https://firebasehosting.googleapis.com/v1beta1/projects/-/sites/akashgaur/versions {"name":"projects/723248877352/sites/akashgaur/versions/d23e2879c09be4fc","status":"CREATED","config":{},"labels":{"deployment-tool":"cli-firebase"}}
[info] i  hosting[akashgaur]: beginning deploy... 
[info] i  hosting[akashgaur]: found 27 files in build 
[debug] [2024-09-05T19:11:40.846Z] [hosting] uploading with 200 concurrency
[debug] [2024-09-05T19:11:40.982Z] [hosting] hash cache [YnVpbGQ] stored for 27 files
[debug] [2024-09-05T19:11:40.982Z] [hosting][hash queue][FINAL] {"max":129,"min":7,"avg":12.851851851851851,"active":0,"complete":27,"success":27,"errored":0,"retried":0,"total":27,"elapsed":134}
[debug] [2024-09-05T19:11:40.982Z] >>> [apiv2][query] POST https://firebasehosting.googleapis.com/v1beta1/projects/723248877352/sites/akashgaur/versions/d23e2879c09be4fc:populateFiles [none]
[debug] [2024-09-05T19:11:40.982Z] >>> [apiv2][body] POST https://firebasehosting.googleapis.com/v1beta1/projects/723248877352/sites/akashgaur/versions/d23e2879c09be4fc:populateFiles {"files":{"/index.html":"17a2f20f53889e2bb444909a7f71fc2603412f4bb92f11a37a63246c6668e644","/asset-manifest.json":"bb8c0bb6d780cec80154dbeef61ab919e66a9f567921720bad6a829488a425ed","/manifest.json":"341d52628782f8ac9290bbfc43298afccb47b7cbfcee146ae30cf0f46bc30900","/favicon.ico":"b72f7455f00e4e58792d2bca892abb068e2213838c0316d6b7a0d6d16acd1955","/robots.txt":"391d14b3c2f8c9143a27a28c7399585142228d4d1bdbe2c87ac946de411fa9a2","/logo192.png":"caff018b7f1e8fd481eb1c50d75b0ef236bcd5078b1d15c8bb348453fee30293","/static/media/arrowLeft.e02511bd1cb7a0c8c05823cd78134a8b.svg":"e17191d1e29a5ef0d89e3b4ca77e38b1a6a153fd16a0d70b1c0ecbcaae171b26","/static/js/main.821a9758.js.LICENSE.txt":"63ad7ce65d9fe1863a16b0d06a9f0fc071dd3993fafbf1be73b74b8a5d4c8cf6","/static/js/453.f323b763.chunk.js":"1da1a1b8d8e182c638a7a5706bc4cab2c47a983241846f713eedb8dd4f2a43ef","/logo512.png":"191fc21360b4ccfb1cda11a1efb97f489ed22672ca83f4064316802bbfdd750e","/static/js/453.f323b763.chunk.js.map":"6e01583a526ee90c16f618d5390cccae53c0743d64f6d510ffb886904ac1a718","/static/css/main.3c307775.css":"c10d5a9aa2a971ff2b68c934370ad90c93e2c745f9c655adbd959f5c8b3fb69f","/static/css/main.3c307775.css.map":"400035b92a82e51ab0ca9b543511bfc09c27c5fa856b40ef137a465378dcc184","/static/media/dumpling.43944f4a83035cf85efe.png":"aa19a0b8db106639aea2ce3633bd26fde22323c3f92581ddc01aa7d270afae80","/static/media/emotionFooter.0e73772ee4274167d67d.png":"8892edc8879be96bf8e61365f9cbd9f2bb1cec5e7b935db347dc5c0d6232f4f3","/static/media/nugget.d209e150eecd8e0b47cd.png":"3495c91ec7ba0f2dece6742f2550637c6ca810fe3751738983a9913707996660","/static/media/noodle.7473ccc7acb790243e0f.png":"deef7a8067dc05a9f96484e334ce08be58e0b3fea0d115a03ba59d76b0cc51db","/static/media/savory_dip.60b816c051fea2635e96.png":"da8304938630fdadb03fc57ce772595b78746a05864ef73f0e95ad9c555db69b","/static/media/burger_bun.35d951305cbdcacb9c46.png":"6b3ff6d9dd365f4976c3ee9327043b2f2004fb5ea7d6a0f4d05134b5ac21d3ec","/static/media/burger_sauce.8fc4625909b7014c6ad4.png":"438314493e6b87c31acf635ae5c4ad5be02f644bea340f9f4efcc69683cd3904","/static/media/french_fries.7e442f28eec9227c5bff.png":"82e4cc1e7a028b8166d23cf6888d35ea0015b18f07c01b3957281b07ad6a38a5","/static/media/potato_chip.68f2d54d0a8c4fb902fa.png":"75f14e7e1619215656f56c2cfdd7b744f4a81b6e7e1845418d809b0bdbe4d2cd","/static/media/puff_snacks.836c7b07b6db6508fe7b.png":"58a813a6bfb8d6d5f284234c9193d53269270097ce059e201f1bf7e771f42f7d","/static/media/salad_dressing.7a15c2e380294af326a3.png":"ec9c342ac7e54f1b3ca8ad49a70d481d9c78b05c02959391bd27527ffb36f01d","/static/media/landingTop.95b0c9704a27e05ff94c.png":"fb86cf23b5e7c0e9bbac573ba29fe4f8453ba7f748e64fb2c86fe319a8e07fc3","/static/js/main.821a9758.js":"a1f5964cc361075b5e146f1f762ea56436ec7845b91151d4ed93cdab112df70f","/static/js/main.821a9758.js.map":"295a681270e26eb0673745997d71054d8d0091c3a08d32c61ab1845c6799a0ff"}}
[debug] [2024-09-05T19:11:41.502Z] <<< [apiv2][status] POST https://firebasehosting.googleapis.com/v1beta1/projects/723248877352/sites/akashgaur/versions/d23e2879c09be4fc:populateFiles 200
[debug] [2024-09-05T19:11:41.502Z] <<< [apiv2][body] POST https://firebasehosting.googleapis.com/v1beta1/projects/723248877352/sites/akashgaur/versions/d23e2879c09be4fc:populateFiles {"uploadRequiredHashes":["295a681270e26eb0673745997d71054d8d0091c3a08d32c61ab1845c6799a0ff","bb8c0bb6d780cec80154dbeef61ab919e66a9f567921720bad6a829488a425ed","a1f5964cc361075b5e146f1f762ea56436ec7845b91151d4ed93cdab112df70f","17a2f20f53889e2bb444909a7f71fc2603412f4bb92f11a37a63246c6668e644"],"uploadUrl":"https://upload-firebasehosting.googleapis.com/upload/sites/akashgaur/versions/d23e2879c09be4fc/files"}
[debug] [2024-09-05T19:11:41.502Z] >>> [apiv2][query] POST https://upload-firebasehosting.googleapis.com/upload/sites/akashgaur/versions/d23e2879c09be4fc/files/295a681270e26eb0673745997d71054d8d0091c3a08d32c61ab1845c6799a0ff [none]
[debug] [2024-09-05T19:11:41.502Z] >>> [apiv2][body] POST https://upload-firebasehosting.googleapis.com/upload/sites/akashgaur/versions/d23e2879c09be4fc/files/295a681270e26eb0673745997d71054d8d0091c3a08d32c61ab1845c6799a0ff [stream]
[debug] [2024-09-05T19:11:41.503Z] >>> [apiv2][query] POST https://upload-firebasehosting.googleapis.com/upload/sites/akashgaur/versions/d23e2879c09be4fc/files/bb8c0bb6d780cec80154dbeef61ab919e66a9f567921720bad6a829488a425ed [none]
[debug] [2024-09-05T19:11:41.503Z] >>> [apiv2][body] POST https://upload-firebasehosting.googleapis.com/upload/sites/akashgaur/versions/d23e2879c09be4fc/files/bb8c0bb6d780cec80154dbeef61ab919e66a9f567921720bad6a829488a425ed [stream]
[debug] [2024-09-05T19:11:41.503Z] >>> [apiv2][query] POST https://upload-firebasehosting.googleapis.com/upload/sites/akashgaur/versions/d23e2879c09be4fc/files/a1f5964cc361075b5e146f1f762ea56436ec7845b91151d4ed93cdab112df70f [none]
[debug] [2024-09-05T19:11:41.503Z] >>> [apiv2][body] POST https://upload-firebasehosting.googleapis.com/upload/sites/akashgaur/versions/d23e2879c09be4fc/files/a1f5964cc361075b5e146f1f762ea56436ec7845b91151d4ed93cdab112df70f [stream]
[debug] [2024-09-05T19:11:41.505Z] >>> [apiv2][query] POST https://upload-firebasehosting.googleapis.com/upload/sites/akashgaur/versions/d23e2879c09be4fc/files/17a2f20f53889e2bb444909a7f71fc2603412f4bb92f11a37a63246c6668e644 [none]
[debug] [2024-09-05T19:11:41.505Z] >>> [apiv2][body] POST https://upload-firebasehosting.googleapis.com/upload/sites/akashgaur/versions/d23e2879c09be4fc/files/17a2f20f53889e2bb444909a7f71fc2603412f4bb92f11a37a63246c6668e644 [stream]
[debug] [2024-09-05T19:11:41.505Z] [hosting][populate queue][FINAL] {"max":523,"min":523,"avg":523,"active":0,"complete":1,"success":1,"errored":0,"retried":0,"total":1,"elapsed":526}
[debug] [2024-09-05T19:11:41.505Z] [hosting] uploads queued: 4
[debug] [2024-09-05T19:11:42.989Z] <<< [apiv2][status] POST https://upload-firebasehosting.googleapis.com/upload/sites/akashgaur/versions/d23e2879c09be4fc/files/bb8c0bb6d780cec80154dbeef61ab919e66a9f567921720bad6a829488a425ed 200
[debug] [2024-09-05T19:11:42.989Z] <<< [apiv2][body] POST https://upload-firebasehosting.googleapis.com/upload/sites/akashgaur/versions/d23e2879c09be4fc/files/bb8c0bb6d780cec80154dbeef61ab919e66a9f567921720bad6a829488a425ed [stream]
[debug] [2024-09-05T19:11:42.990Z] <<< [apiv2][status] POST https://upload-firebasehosting.googleapis.com/upload/sites/akashgaur/versions/d23e2879c09be4fc/files/295a681270e26eb0673745997d71054d8d0091c3a08d32c61ab1845c6799a0ff 200
[debug] [2024-09-05T19:11:42.990Z] <<< [apiv2][body] POST https://upload-firebasehosting.googleapis.com/upload/sites/akashgaur/versions/d23e2879c09be4fc/files/295a681270e26eb0673745997d71054d8d0091c3a08d32c61ab1845c6799a0ff [stream]
[debug] [2024-09-05T19:11:43.117Z] <<< [apiv2][status] POST https://upload-firebasehosting.googleapis.com/upload/sites/akashgaur/versions/d23e2879c09be4fc/files/17a2f20f53889e2bb444909a7f71fc2603412f4bb92f11a37a63246c6668e644 200
[debug] [2024-09-05T19:11:43.117Z] <<< [apiv2][body] POST https://upload-firebasehosting.googleapis.com/upload/sites/akashgaur/versions/d23e2879c09be4fc/files/17a2f20f53889e2bb444909a7f71fc2603412f4bb92f11a37a63246c6668e644 [stream]
